.installer
=0=thumb=0=
NanumGothic.woff
USBlist.php
cardwork.php
custom
emergency.dumy
favicon.ico
home.php
images
index.php
lib
listphotos.php
listvideos.php
listwork.php
nailwork.php
openimages.php
openvideo.php
participants.php
playwork.php
s00_access.php
s00_event.php
s00_file.php
s00_signage.php
samworks.php
signage.base.css
signage.base.js
signinit.php
signwork.php
slidework.php
syswork.php
syswork_sv.php
testwork.php
timerjob.php
upload_pkg.lst
uploadphoto.html
validator
videolist.php
videowork.php
welcome.php